CRITICAL - 2020-11-09 23:21:30 --> Too few arguments to function App\Controllers\Home::dashboard(), 0 passed in C:\laragon\www\belajar-ci\system\CodeIgniter.php on line 918 and exactly 1 expected
#0 C:\laragon\www\belajar-ci\system\CodeIgniter.php(918): App\Controllers\Home->dashboard()
#1 C:\laragon\www\belajar-ci\system\CodeIgniter.php(404): CodeIgniter\CodeIgniter->runController(Object(App\Controllers\Home))
#2 C:\laragon\www\belajar-ci\system\CodeIgniter.php(312): CodeIgniter\CodeIgniter->handleRequest(NULL, Object(Config\Cache), false)
#3 C:\laragon\www\belajar-ci\public\index.php(45): CodeIgniter\CodeIgniter->run()
#4 {main}
CRITICAL - 2020-11-09 23:23:20 --> Too few arguments to function App\Controllers\Home::dashboard(), 1 passed in C:\laragon\www\belajar-ci\system\CodeIgniter.php on line 918 and exactly 2 expected
#0 C:\laragon\www\belajar-ci\system\CodeIgniter.php(918): App\Controllers\Home->dashboard('1')
#1 C:\laragon\www\belajar-ci\system\CodeIgniter.php(404): CodeIgniter\CodeIgniter->runController(Object(App\Controllers\Home))
#2 C:\laragon\www\belajar-ci\system\CodeIgniter.php(312): CodeIgniter\CodeIgniter->handleRequest(NULL, Object(Config\Cache), false)
#3 C:\laragon\www\belajar-ci\public\index.php(45): CodeIgniter\CodeIgniter->run()
#4 {main}
CRITICAL - 2020-11-09 23:26:45 --> Too few arguments to function App\Controllers\Home::dashboard(), 0 passed in C:\laragon\www\belajar-ci\system\CodeIgniter.php on line 918 and exactly 2 expected
#0 C:\laragon\www\belajar-ci\system\CodeIgniter.php(918): App\Controllers\Home->dashboard()
#1 C:\laragon\www\belajar-ci\system\CodeIgniter.php(404): CodeIgniter\CodeIgniter->runController(Object(App\Controllers\Home))
#2 C:\laragon\www\belajar-ci\system\CodeIgniter.php(312): CodeIgniter\CodeIgniter->handleRequest(NULL, Object(Config\Cache), false)
#3 C:\laragon\www\belajar-ci\public\index.php(45): CodeIgniter\CodeIgniter->run()
#4 {main}
CRITICAL - 2020-11-09 23:53:39 --> Too few arguments to function App\Controllers\Home::dashboard(), 0 passed in C:\laragon\www\belajar-ci\system\CodeIgniter.php on line 918 and exactly 2 expected
#0 C:\laragon\www\belajar-ci\system\CodeIgniter.php(918): App\Controllers\Home->dashboard()
#1 C:\laragon\www\belajar-ci\system\CodeIgniter.php(404): CodeIgniter\CodeIgniter->runController(Object(App\Controllers\Home))
#2 C:\laragon\www\belajar-ci\system\CodeIgniter.php(312): CodeIgniter\CodeIgniter->handleRequest(NULL, Object(Config\Cache), false)
#3 C:\laragon\www\belajar-ci\public\index.php(45): CodeIgniter\CodeIgniter->run()
#4 {main}
CRITICAL - 2020-11-09 23:54:01 --> Too few arguments to function App\Controllers\Home::dashboard(), 0 passed in C:\laragon\www\belajar-ci\system\CodeIgniter.php on line 918 and exactly 2 expected
#0 C:\laragon\www\belajar-ci\system\CodeIgniter.php(918): App\Controllers\Home->dashboard()
#1 C:\laragon\www\belajar-ci\system\CodeIgniter.php(404): CodeIgniter\CodeIgniter->runController(Object(App\Controllers\Home))
#2 C:\laragon\www\belajar-ci\system\CodeIgniter.php(312): CodeIgniter\CodeIgniter->handleRequest(NULL, Object(Config\Cache), false)
#3 C:\laragon\www\belajar-ci\public\index.php(45): CodeIgniter\CodeIgniter->run()
#4 {main}
